{
  "RSpec": {
    "coverage": {
      "/Users/lynne/UW/Q3/Summer310Code/final/bookopotamus/config/environment.rb": [
        null,
        1,
        null,
        null,
        1
      ],
      "/Users/lynne/UW/Q3/Summer310Code/final/bookopotamus/config/application.rb": [
        1,
        null,
        1,
        null,
        null,
        null,
        1,
        null,
        1,
        1,
        null,
        null,
        null,
        null,
        null,
        null,
        null,
        null,
        null,
        null,
        null,
        1,
        null,
        null
      ],
      "/Users/lynne/UW/Q3/Summer310Code/final/bookopotamus/config/boot.rb": [
        null,
        1,
        null,
        1
      ],
      "/Users/lynne/UW/Q3/Summer310Code/final/bookopotamus/config/environments/test.rb": [
        1,
        null,
        null,
        null,
        null,
        null,
        null,
        1,
        null,
        null,
        null,
        null,
        1,
        null,
        null,
        1,
        1,
        null,
        null,
        1,
        1,
        null,
        null,
        1,
        null,
        null,
        1,
        null,
        null,
        null,
        null,
        1,
        1,
        null,
        null,
        1,
        null,
        null,
        null,
        null
      ],
      "/Users/lynne/UW/Q3/Summer310Code/final/bookopotamus/config/initializers/assets.rb": [
        null,
        null,
        null,
        1,
        null,
        null,
        null,
        null
      ],
      "/Users/lynne/UW/Q3/Summer310Code/final/bookopotamus/config/initializers/backtrace_silencers.rb": [
        null,
        null,
        null,
        null,
        null,
        null,
        null
      ],
      "/Users/lynne/UW/Q3/Summer310Code/final/bookopotamus/config/initializers/cookies_serializer.rb": [
        null,
        null,
        1
      ],
      "/Users/lynne/UW/Q3/Summer310Code/final/bookopotamus/config/initializers/devise.rb": [
        null,
        null,
        1,
        null,
        null,
        null,
        null,
        null,
        null,
        null,
        null,
        null,
        1,
        null,
        null,
        null,
        null,
        null,
        null,
        null,
        null,
        1,
        null,
        null,
        null,
        null,
        null,
        null,
        null,
        null,
        null,
        null,
        null,
        null,
        null,
        null,
        null,
        null,
        null,
        null,
        null,
        null,
        null,
        1,
        null,
        null,
        null,
        null,
        1,
        null,
        null,
        null,
        null,
        null,
        null,
        null,
        null,
        null,
        null,
        null,
        null,
        null,
        null,
        null,
        null,
        null,
        null,
        null,
        null,
        null,
        null,
        null,
        null,
        null,
        null,
        null,
        null,
        null,
        null,
        1,
        null,
        null,
        null,
        null,
        null,
        null,
        null,
        null,
        null,
        null,
        null,
        null,
        null,
        null,
        null,
        null,
        1,
        null,
        null,
        null,
        null,
        null,
        null,
        null,
        null,
        null,
        null,
        null,
        null,
        null,
        null,
        null,
        null,
        null,
        null,
        null,
        null,
        null,
        null,
        null,
        null,
        1,
        null,
        null,
        null,
        null,
        null,
        null,
        null,
        null,
        null,
        null,
        null,
        null,
        null,
        null,
        null,
        null,
        null,
        1,
        null,
        null,
        null,
        null,
        null,
        null,
        null,
        null,
        null,
        null,
        null,
        null,
        null,
        null,
        null,
        null,
        null,
        null,
        null,
        null,
        null,
        null,
        null,
        null,
        null,
        null,
        null,
        null,
        null,
        null,
        null,
        null,
        null,
        null,
        null,
        null,
        null,
        null,
        null,
        null,
        null,
        null,
        null,
        null,
        null,
        null,
        null,
        null,
        1,
        null,
        null,
        null,
        null,
        null,
        null,
        null,
        null,
        null,
        null,
        null,
        null,
        null,
        null,
        null,
        null,
        null,
        null,
        null,
        null,
        null,
        null,
        null,
        null,
        null,
        null,
        null,
        null,
        null,
        null,
        null,
        null,
        null,
        null,
        null,
        null,
        null,
        1,
        null,
        null,
        null,
        null,
        null,
        null,
        null,
        null,
        null,
        null,
        null,
        null,
        null,
        null,
        null,
        null,
        null,
        null,
        null,
        null,
        null,
        null,
        null,
        null,
        null,
        null,
        null,
        null,
        null
      ],
      "/Users/lynne/UW/Q3/Summer310Code/final/bookopotamus/config/initializers/filter_parameter_logging.rb": [
        null,
        null,
        null,
        1
      ],
      "/Users/lynne/UW/Q3/Summer310Code/final/bookopotamus/config/initializers/inflections.rb": [
        null,
        null,
        null,
        null,
        null,
        null,
        null,
        null,
        null,
        null,
        null,
        null,
        null,
        null,
        null,
        null
      ],
      "/Users/lynne/UW/Q3/Summer310Code/final/bookopotamus/config/initializers/mime_types.rb": [
        null,
        null,
        null,
        null
      ],
      "/Users/lynne/UW/Q3/Summer310Code/final/bookopotamus/config/initializers/override_mail_recipient.rb": [
        1,
        1,
        1,
        0,
        null,
        null,
        1,
        null
      ],
      "/Users/lynne/UW/Q3/Summer310Code/final/bookopotamus/config/initializers/session_store.rb": [
        null,
        null,
        1
      ],
      "/Users/lynne/UW/Q3/Summer310Code/final/bookopotamus/config/initializers/wrap_parameters.rb": [
        null,
        null,
        null,
        null,
        null,
        null,
        1,
        1,
        null,
        null,
        null,
        null,
        null,
        null
      ],
      "/Users/lynne/UW/Q3/Summer310Code/final/bookopotamus/spec/factories/authors.rb": [
        null,
        null,
        1,
        1,
        1,
        1,
        null,
        null
      ],
      "/Users/lynne/UW/Q3/Summer310Code/final/bookopotamus/spec/factories/books.rb": [
        null,
        null,
        1,
        1,
        1,
        1,
        1,
        1,
        1,
        null,
        null
      ],
      "/Users/lynne/UW/Q3/Summer310Code/final/bookopotamus/spec/factories/follows.rb": [
        null,
        null,
        1,
        1,
        1,
        1,
        1,
        1,
        null,
        null
      ],
      "/Users/lynne/UW/Q3/Summer310Code/final/bookopotamus/spec/factories/ratings.rb": [
        null,
        null,
        1,
        1,
        1,
        1,
        1,
        null,
        null
      ],
      "/Users/lynne/UW/Q3/Summer310Code/final/bookopotamus/spec/factories/reviews.rb": [
        null,
        null,
        1,
        1,
        1,
        1,
        1,
        null,
        null
      ],
      "/Users/lynne/UW/Q3/Summer310Code/final/bookopotamus/spec/factories/users.rb": [
        null,
        null,
        1,
        1,
        3,
        1,
        1,
        1,
        1,
        null,
        null,
        null
      ],
      "/Users/lynne/UW/Q3/Summer310Code/final/bookopotamus/config/routes.rb": [
        1,
        null,
        1,
        1,
        1,
        null,
        null,
        null,
        1,
        1,
        1,
        1,
        1,
        1,
        1,
        1,
        1,
        1,
        null,
        1,
        null,
        1,
        1,
        1,
        null,
        1,
        1,
        1,
        null,
        1,
        null,
        null,
        null,
        null,
        null,
        null,
        null,
        null,
        null,
        null,
        null,
        null,
        null,
        null,
        null,
        null,
        null,
        null,
        null,
        null,
        null,
        null,
        null,
        null,
        null,
        null,
        null,
        null,
        null,
        null,
        null,
        null,
        null,
        null,
        null,
        null,
        null,
        null,
        null,
        null,
        null,
        null,
        null,
        null,
        null,
        null,
        null,
        null,
        null,
        null,
        null,
        null,
        null,
        null,
        null,
        null
      ],
      "/Users/lynne/UW/Q3/Summer310Code/final/bookopotamus/app/models/user.rb": [
        1,
        null,
        null,
        1,
        null,
        null,
        1,
        1,
        1,
        1,
        null,
        1,
        1,
        1,
        1,
        null,
        null,
        null,
        null
      ],
      "/Users/lynne/UW/Q3/Summer310Code/final/bookopotamus/app/helpers/application_helper.rb": [
        1,
        null,
        null,
        null,
        null,
        null,
        null,
        null,
        null,
        1,
        0,
        null,
        null,
        1,
        0,
        null,
        null,
        1,
        0,
        null,
        null,
        1,
        0,
        null,
        0,
        null,
        0,
        null,
        null,
        1,
        0,
        null,
        0,
        null,
        0,
        null,
        0,
        null,
        null,
        null
      ],
      "/Users/lynne/UW/Q3/Summer310Code/final/bookopotamus/app/helpers/authors_helper.rb": [
        1,
        1,
        0,
        null,
        null
      ],
      "/Users/lynne/UW/Q3/Summer310Code/final/bookopotamus/app/helpers/ratings_helper.rb": [
        1,
        null
      ],
      "/Users/lynne/UW/Q3/Summer310Code/final/bookopotamus/app/helpers/reviews_helper.rb": [
        1,
        null
      ],
      "/Users/lynne/UW/Q3/Summer310Code/final/bookopotamus/app/helpers/welcome_helper.rb": [
        1,
        null
      ],
      "/Users/lynne/UW/Q3/Summer310Code/final/bookopotamus/spec/support/controller_macros.rb": [
        1,
        1,
        0,
        0,
        0,
        0,
        null,
        null,
        null,
        1,
        0,
        0,
        0,
        null,
        0,
        null,
        null,
        null
      ],
      "/Users/lynne/UW/Q3/Summer310Code/final/bookopotamus/spec/support/devise.rb": [
        null,
        null,
        null
      ]
    },
    "timestamp": 1432661268
  }
}
