{
  "RSpec": {
    "coverage": {
      "/Users/lynne/UW/Q3/Summer310Code/final/bookopotamus/config/environment.rb": [
        null,
        1,
        null,
        null,
        1
      ],
      "/Users/lynne/UW/Q3/Summer310Code/final/bookopotamus/config/application.rb": [
        1,
        null,
        1,
        null,
        null,
        null,
        1,
        null,
        1,
        1,
        null,
        null,
        null,
        null,
        null,
        null,
        null,
        null,
        null,
        null,
        null,
        1,
        null,
        null
      ],
      "/Users/lynne/UW/Q3/Summer310Code/final/bookopotamus/config/boot.rb": [
        null,
        1,
        null,
        1
      ],
      "/Users/lynne/UW/Q3/Summer310Code/final/bookopotamus/config/environments/test.rb": [
        1,
        null,
        null,
        null,
        null,
        null,
        null,
        1,
        null,
        null,
        null,
        null,
        1,
        null,
        null,
        1,
        1,
        null,
        null,
        1,
        1,
        null,
        null,
        1,
        null,
        null,
        1,
        null,
        null,
        null,
        null,
        1,
        1,
        null,
        null,
        1,
        null,
        null,
        null,
        null
      ],
      "/Users/lynne/UW/Q3/Summer310Code/final/bookopotamus/config/initializers/assets.rb": [
        null,
        null,
        null,
        1,
        null,
        null,
        null,
        null
      ],
      "/Users/lynne/UW/Q3/Summer310Code/final/bookopotamus/config/initializers/backtrace_silencers.rb": [
        null,
        null,
        null,
        null,
        null,
        null,
        null
      ],
      "/Users/lynne/UW/Q3/Summer310Code/final/bookopotamus/config/initializers/cookies_serializer.rb": [
        null,
        null,
        1
      ],
      "/Users/lynne/UW/Q3/Summer310Code/final/bookopotamus/config/initializers/devise.rb": [
        null,
        null,
        1,
        null,
        null,
        null,
        null,
        null,
        null,
        null,
        null,
        null,
        1,
        null,
        null,
        null,
        null,
        null,
        null,
        null,
        null,
        1,
        null,
        null,
        null,
        null,
        null,
        null,
        null,
        null,
        null,
        null,
        null,
        null,
        null,
        null,
        null,
        null,
        null,
        null,
        null,
        null,
        null,
        1,
        null,
        null,
        null,
        null,
        1,
        null,
        null,
        null,
        null,
        null,
        null,
        null,
        null,
        null,
        null,
        null,
        null,
        null,
        null,
        null,
        null,
        null,
        null,
        null,
        null,
        null,
        null,
        null,
        null,
        null,
        null,
        null,
        null,
        null,
        null,
        1,
        null,
        null,
        null,
        null,
        null,
        null,
        null,
        null,
        null,
        null,
        null,
        null,
        null,
        null,
        null,
        null,
        1,
        null,
        null,
        null,
        null,
        null,
        null,
        null,
        null,
        null,
        null,
        null,
        null,
        null,
        null,
        null,
        null,
        null,
        null,
        null,
        null,
        null,
        null,
        null,
        null,
        1,
        null,
        null,
        null,
        null,
        null,
        null,
        null,
        null,
        null,
        null,
        null,
        null,
        null,
        null,
        null,
        null,
        null,
        1,
        null,
        null,
        null,
        null,
        null,
        null,
        null,
        null,
        null,
        null,
        null,
        null,
        null,
        null,
        null,
        null,
        null,
        null,
        null,
        null,
        null,
        null,
        null,
        null,
        null,
        null,
        null,
        null,
        null,
        null,
        null,
        null,
        null,
        null,
        null,
        null,
        null,
        null,
        null,
        null,
        null,
        null,
        null,
        null,
        null,
        null,
        null,
        null,
        1,
        null,
        null,
        null,
        null,
        null,
        null,
        null,
        null,
        null,
        null,
        null,
        null,
        null,
        null,
        null,
        null,
        null,
        null,
        null,
        null,
        null,
        null,
        null,
        null,
        null,
        null,
        null,
        null,
        null,
        null,
        null,
        null,
        null,
        null,
        null,
        null,
        null,
        1,
        null,
        null,
        null,
        null,
        null,
        null,
        null,
        null,
        null,
        null,
        null,
        null,
        null,
        null,
        null,
        null,
        null,
        null,
        null,
        null,
        null,
        null,
        null,
        null,
        null,
        null,
        null,
        null,
        null
      ],
      "/Users/lynne/UW/Q3/Summer310Code/final/bookopotamus/config/initializers/filter_parameter_logging.rb": [
        null,
        null,
        null,
        1
      ],
      "/Users/lynne/UW/Q3/Summer310Code/final/bookopotamus/config/initializers/inflections.rb": [
        null,
        null,
        null,
        null,
        null,
        null,
        null,
        null,
        null,
        null,
        null,
        null,
        null,
        null,
        null,
        null
      ],
      "/Users/lynne/UW/Q3/Summer310Code/final/bookopotamus/config/initializers/mime_types.rb": [
        null,
        null,
        null,
        null
      ],
      "/Users/lynne/UW/Q3/Summer310Code/final/bookopotamus/config/initializers/override_mail_recipient.rb": [
        1,
        1,
        1,
        3,
        null,
        null,
        1,
        null
      ],
      "/Users/lynne/UW/Q3/Summer310Code/final/bookopotamus/config/initializers/session_store.rb": [
        null,
        null,
        1
      ],
      "/Users/lynne/UW/Q3/Summer310Code/final/bookopotamus/config/initializers/wrap_parameters.rb": [
        null,
        null,
        null,
        null,
        null,
        null,
        1,
        1,
        null,
        null,
        null,
        null,
        null,
        null
      ],
      "/Users/lynne/UW/Q3/Summer310Code/final/bookopotamus/spec/factories/authors.rb": [
        null,
        null,
        1,
        1,
        41,
        41,
        null,
        null
      ],
      "/Users/lynne/UW/Q3/Summer310Code/final/bookopotamus/spec/factories/books.rb": [
        null,
        null,
        1,
        1,
        39,
        39,
        39,
        1,
        1,
        null,
        null
      ],
      "/Users/lynne/UW/Q3/Summer310Code/final/bookopotamus/spec/factories/follows.rb": [
        null,
        null,
        1,
        1,
        1,
        1,
        1,
        1,
        null,
        null
      ],
      "/Users/lynne/UW/Q3/Summer310Code/final/bookopotamus/spec/factories/ratings.rb": [
        null,
        null,
        1,
        1,
        1,
        1,
        1,
        null,
        null
      ],
      "/Users/lynne/UW/Q3/Summer310Code/final/bookopotamus/spec/factories/reviews.rb": [
        null,
        null,
        1,
        1,
        1,
        1,
        1,
        null,
        null
      ],
      "/Users/lynne/UW/Q3/Summer310Code/final/bookopotamus/spec/factories/users.rb": [
        null,
        null,
        1,
        1,
        86,
        1,
        1,
        1,
        1,
        null,
        null,
        null
      ],
      "/Users/lynne/UW/Q3/Summer310Code/final/bookopotamus/config/routes.rb": [
        1,
        null,
        1,
        1,
        1,
        null,
        null,
        null,
        1,
        1,
        1,
        1,
        1,
        1,
        1,
        1,
        1,
        1,
        null,
        1,
        null,
        1,
        1,
        1,
        null,
        1,
        1,
        1,
        null,
        1,
        null,
        null,
        null,
        null,
        null,
        null,
        null,
        null,
        null,
        null,
        null,
        null,
        null,
        null,
        null,
        null,
        null,
        null,
        null,
        null,
        null,
        null,
        null,
        null,
        null,
        null,
        null,
        null,
        null,
        null,
        null,
        null,
        null,
        null,
        null,
        null,
        null,
        null,
        null,
        null,
        null,
        null,
        null,
        null,
        null,
        null,
        null,
        null,
        null,
        null,
        null,
        null,
        null,
        null,
        null,
        null
      ],
      "/Users/lynne/UW/Q3/Summer310Code/final/bookopotamus/app/models/user.rb": [
        1,
        null,
        null,
        1,
        null,
        null,
        1,
        1,
        1,
        1,
        null,
        1,
        1,
        1,
        1,
        null,
        null,
        null,
        1,
        1,
        null,
        null,
        null
      ],
      "/Users/lynne/UW/Q3/Summer310Code/final/bookopotamus/app/helpers/application_helper.rb": [
        1,
        null,
        null,
        null,
        null,
        null,
        null,
        null,
        null,
        1,
        13,
        null,
        null,
        1,
        154,
        null,
        null,
        1,
        9,
        null,
        null,
        1,
        34,
        null,
        34,
        null,
        34,
        null,
        null,
        1,
        46,
        null,
        1,
        null,
        43,
        null,
        2,
        null,
        null,
        null,
        1,
        50,
        null,
        null,
        1,
        25,
        null,
        null,
        1,
        25,
        null,
        null,
        null
      ],
      "/Users/lynne/UW/Q3/Summer310Code/final/bookopotamus/app/helpers/authors_helper.rb": [
        1,
        1,
        22,
        null,
        null
      ],
      "/Users/lynne/UW/Q3/Summer310Code/final/bookopotamus/app/helpers/ratings_helper.rb": [
        1,
        null
      ],
      "/Users/lynne/UW/Q3/Summer310Code/final/bookopotamus/app/helpers/reviews_helper.rb": [
        1,
        null
      ],
      "/Users/lynne/UW/Q3/Summer310Code/final/bookopotamus/app/helpers/welcome_helper.rb": [
        1,
        null
      ],
      "/Users/lynne/UW/Q3/Summer310Code/final/bookopotamus/spec/support/controller_macros.rb": [
        1,
        1,
        2,
        8,
        8,
        8,
        null,
        null,
        null,
        1,
        1,
        1,
        1,
        null,
        1,
        null,
        null,
        null
      ],
      "/Users/lynne/UW/Q3/Summer310Code/final/bookopotamus/spec/support/devise.rb": [
        null,
        null,
        null
      ],
      "/Users/lynne/UW/Q3/Summer310Code/final/bookopotamus/app/controllers/books_controller.rb": [
        1,
        1,
        1,
        1,
        15,
        null,
        1,
        null,
        null,
        1,
        76,
        51,
        null,
        25,
        null,
        76,
        76,
        null,
        null,
        null,
        1,
        16,
        16,
        16,
        null,
        null,
        null,
        1,
        5,
        5,
        5,
        5,
        5,
        null,
        null,
        null,
        1,
        null,
        null,
        null,
        1,
        4,
        4,
        4,
        3,
        3,
        null,
        1,
        null,
        null,
        null,
        null,
        1,
        2,
        2,
        2,
        1,
        null,
        2,
        1,
        null,
        null,
        null,
        null,
        null,
        1,
        2,
        2,
        1,
        null,
        1,
        1,
        null,
        2,
        null,
        null,
        1,
        2,
        2,
        1,
        null,
        1,
        null,
        2,
        null,
        null,
        1,
        null,
        null,
        1,
        24,
        24,
        null,
        1,
        null,
        null,
        null,
        1,
        16,
        null,
        null,
        1,
        7,
        1,
        null,
        null,
        null,
        1,
        2,
        2,
        2,
        2,
        2,
        2,
        null,
        null,
        1,
        2,
        null,
        null,
        1,
        2,
        null,
        null,
        1,
        2,
        2,
        2,
        null,
        null,
        1,
        2,
        2,
        null,
        null,
        1,
        76,
        null,
        null,
        1,
        76,
        null,
        null,
        null,
        1,
        6,
        null,
        null,
        null,
        null,
        null,
        null,
        null,
        null,
        null,
        null,
        null
      ],
      "/Users/lynne/UW/Q3/Summer310Code/final/bookopotamus/app/controllers/application_controller.rb": [
        1,
        null,
        null,
        1,
        1,
        null,
        1,
        2,
        null,
        null,
        null
      ],
      "/Users/lynne/UW/Q3/Summer310Code/final/bookopotamus/spec/controllers/users_admins_controller_spec.rb": [
        1,
        null,
        1,
        null,
        1,
        null,
        3,
        null,
        1,
        2,
        2,
        null,
        null,
        null,
        null,
        null,
        null,
        null,
        null,
        null,
        null,
        null,
        null,
        null,
        null,
        null,
        null,
        null,
        null,
        null,
        null,
        null,
        null,
        null,
        null,
        null,
        null,
        null,
        null,
        null,
        null,
        null,
        null,
        1,
        1,
        1,
        1,
        1,
        1,
        null,
        null,
        null,
        null,
        1,
        1,
        1,
        1,
        null,
        null,
        null,
        null,
        null,
        null,
        null,
        null,
        null,
        null,
        null,
        null,
        null,
        null,
        null,
        null,
        null,
        null,
        null,
        null,
        null,
        null,
        null,
        null,
        null,
        null,
        null,
        null,
        null,
        null,
        null,
        null,
        null,
        1,
        1,
        1,
        1,
        1,
        1,
        1,
        1,
        null,
        null,
        null,
        null,
        null,
        null,
        null,
        null,
        null,
        null,
        null,
        null,
        null,
        null,
        null,
        1,
        1,
        1,
        1,
        1,
        1,
        1,
        null,
        1,
        1,
        null,
        null,
        null,
        null,
        null,
        null,
        null,
        null,
        null,
        null,
        null,
        null,
        null,
        null,
        null,
        null,
        null,
        null,
        null,
        null,
        null,
        null,
        null,
        null,
        null,
        null,
        null,
        null,
        null,
        null,
        null,
        null,
        null,
        null,
        null,
        null,
        null,
        null
      ],
      "/Users/lynne/UW/Q3/Summer310Code/final/bookopotamus/app/controllers/users_controller.rb": [
        1,
        1,
        1,
        4,
        null,
        1,
        null,
        1,
        1,
        null,
        null,
        1,
        2,
        2,
        2,
        1,
        null,
        2,
        1,
        null,
        null,
        null,
        null,
        1,
        4,
        4,
        1,
        1,
        1,
        null,
        3,
        null,
        null,
        4,
        null,
        null,
        1,
        2,
        2,
        2,
        null,
        null,
        1,
        1,
        1,
        null,
        null,
        1,
        1,
        1,
        1,
        null,
        1,
        1,
        1,
        null,
        null,
        1,
        null,
        1,
        2,
        1,
        null,
        null,
        null,
        1,
        3,
        3,
        null,
        1,
        null,
        null,
        null,
        1,
        6,
        null,
        null,
        null,
        null,
        null,
        null
      ],
      "/Users/lynne/UW/Q3/Summer310Code/final/bookopotamus/spec/controllers/users_controller_spec.rb": [
        1,
        null,
        null,
        null,
        null,
        null,
        null,
        null,
        null,
        null,
        null,
        null,
        null,
        null,
        null,
        null,
        null,
        null,
        null,
        null,
        1,
        null,
        null,
        null,
        null,
        1,
        null,
        null,
        null,
        null,
        1,
        null,
        null,
        null,
        null,
        null,
        null,
        null,
        null,
        null,
        null,
        null,
        null,
        null,
        null,
        null,
        null,
        null,
        null,
        null,
        null,
        null,
        null,
        null,
        null,
        null,
        null,
        null,
        null,
        null,
        null,
        null,
        null,
        null,
        null,
        null,
        null,
        null,
        null,
        null,
        null,
        null,
        null,
        null,
        null,
        null,
        null,
        null,
        null,
        null,
        null,
        null,
        null,
        null,
        null,
        null,
        null,
        null,
        null,
        null,
        null,
        null,
        null,
        null,
        null,
        null,
        null,
        null,
        null,
        null,
        null,
        null,
        null,
        null,
        null,
        null,
        null,
        null,
        null,
        null,
        null,
        null,
        null,
        null,
        null,
        null,
        null,
        null,
        null,
        null,
        null,
        null,
        null,
        null,
        null,
        null,
        null,
        null,
        null,
        null,
        null,
        null,
        null,
        null,
        null,
        null,
        null,
        null,
        null,
        null,
        null,
        null,
        null,
        null,
        null,
        null,
        null,
        null,
        null,
        null,
        null,
        null,
        null,
        null,
        null,
        null,
        null,
        null,
        null,
        null
      ],
      "/Users/lynne/UW/Q3/Summer310Code/final/bookopotamus/spec/features/books_spec.rb": [
        1,
        null,
        null,
        null,
        1,
        1,
        null,
        null,
        22,
        3,
        10,
        2,
        null,
        1,
        1,
        1,
        1,
        null,
        1,
        1,
        1,
        null,
        null,
        null,
        1,
        1,
        20,
        20,
        20,
        20,
        null,
        20,
        null,
        null,
        1,
        1,
        1,
        1,
        1,
        null,
        1,
        1,
        1,
        1,
        null,
        1,
        1,
        1,
        null,
        4,
        null,
        1,
        1,
        1,
        null,
        1,
        1,
        null,
        1,
        1,
        1,
        1,
        null,
        1,
        1,
        null,
        null,
        1,
        1,
        1,
        1,
        1,
        1,
        1,
        1,
        null,
        null,
        1,
        1,
        1,
        1,
        1,
        1,
        1,
        null,
        null,
        null,
        null,
        1,
        1,
        1,
        1,
        1,
        1,
        1,
        1,
        1,
        4,
        null,
        1,
        1,
        1,
        1,
        1,
        1,
        4,
        null,
        null,
        1,
        1,
        1,
        1,
        1,
        null,
        null,
        1,
        1,
        1,
        1,
        null,
        1,
        1,
        1,
        1,
        1,
        1,
        1,
        1,
        1,
        null,
        1,
        1,
        3,
        3,
        null,
        1,
        1,
        1,
        1,
        1,
        1,
        null,
        1,
        1,
        1,
        1,
        1,
        1,
        null,
        1,
        1,
        1,
        1,
        1,
        1,
        1,
        null,
        null,
        1,
        1,
        3,
        null,
        1,
        1,
        1,
        4,
        null,
        null,
        1,
        1,
        1,
        1,
        1,
        null,
        1,
        1,
        1,
        1,
        1,
        1,
        null,
        null,
        null,
        null,
        null,
        1,
        1,
        1,
        1,
        null,
        1,
        1,
        null,
        null,
        1,
        1,
        1,
        1,
        1,
        null,
        1,
        1,
        null,
        null,
        null,
        null,
        null
      ],
      "/Users/lynne/UW/Q3/Summer310Code/final/bookopotamus/spec/features/reviews_spec.rb": [
        1,
        null,
        null,
        null,
        1,
        null,
        null,
        1,
        1,
        3,
        3,
        null,
        null,
        null,
        null,
        null,
        null,
        null,
        null,
        null,
        null,
        1,
        1,
        1,
        1,
        1,
        1,
        null,
        1,
        1,
        1,
        1,
        1,
        null,
        null,
        null,
        null
      ],
      "/Users/lynne/UW/Q3/Summer310Code/final/bookopotamus/spec/features/users_spec.rb": [
        1,
        null,
        null,
        null,
        1,
        null,
        null,
        2,
        3,
        9,
        null,
        1,
        1,
        1,
        1,
        1,
        1,
        1,
        1,
        1,
        null,
        null,
        1,
        null,
        null,
        null,
        1,
        1,
        1,
        1,
        1,
        1,
        1,
        1,
        null,
        1,
        null,
        null,
        null,
        1,
        1,
        1,
        null,
        null,
        1,
        1,
        1,
        1,
        1,
        1,
        1,
        1,
        null,
        1,
        1,
        null,
        null,
        1,
        1,
        1,
        1,
        1,
        null,
        1,
        null,
        null,
        null,
        1,
        1,
        1,
        8,
        8,
        8,
        8,
        8,
        null,
        null,
        null,
        1,
        1,
        1,
        1,
        1,
        1,
        null,
        null,
        1,
        1,
        1,
        1,
        1,
        1,
        1,
        null,
        null,
        1,
        1,
        1,
        null,
        null,
        1,
        1,
        1,
        null,
        null,
        1,
        1,
        1,
        1,
        1,
        1,
        1,
        1,
        null,
        null,
        1,
        1,
        1,
        1,
        1,
        1,
        1,
        1,
        null,
        null,
        1,
        1,
        1,
        1,
        1,
        1,
        null,
        1,
        1,
        1,
        1,
        1,
        null,
        null,
        1,
        1,
        1,
        1,
        1,
        1,
        null,
        1,
        null,
        1,
        1,
        1,
        null,
        null,
        null,
        null,
        null
      ],
      "/Users/lynne/UW/Q3/Summer310Code/final/bookopotamus/spec/helpers/application_helper_spec.rb": [
        1,
        null,
        1,
        1,
        2,
        null,
        1,
        1,
        1,
        null,
        null,
        null,
        null
      ],
      "/Users/lynne/UW/Q3/Summer310Code/final/bookopotamus/spec/helpers/authors_helper_spec.rb": [
        1,
        null,
        1,
        1,
        2,
        null,
        1,
        1,
        1,
        null,
        null,
        null,
        null
      ],
      "/Users/lynne/UW/Q3/Summer310Code/final/bookopotamus/spec/models/book_spec.rb": [
        1,
        null,
        1,
        4,
        2,
        null,
        1,
        1,
        1,
        null,
        1,
        1,
        1,
        1,
        null,
        null,
        null,
        1,
        1,
        1,
        null,
        null,
        null,
        1,
        1,
        1,
        1,
        1,
        2,
        null,
        1,
        2,
        null,
        1,
        1,
        1,
        null,
        null,
        null
      ],
      "/Users/lynne/UW/Q3/Summer310Code/final/bookopotamus/app/models/book.rb": [
        1,
        1,
        1,
        1,
        1,
        1,
        1,
        null,
        1,
        1,
        1,
        null,
        null,
        5,
        1,
        7,
        1,
        null,
        26,
        null,
        1,
        1,
        null,
        null,
        1,
        1,
        1,
        1,
        null,
        null,
        1,
        36,
        36,
        null,
        null,
        1,
        1,
        null,
        null,
        1,
        55,
        54,
        null,
        null,
        null,
        1,
        null,
        null,
        null,
        1,
        21,
        null,
        null,
        1,
        30,
        null,
        null,
        1,
        16,
        null,
        null,
        1,
        17,
        null,
        null
      ],
      "/Users/lynne/UW/Q3/Summer310Code/final/bookopotamus/app/uploaders/cover_uploader.rb": [
        null,
        null,
        1,
        null,
        null,
        null,
        1,
        null,
        null,
        1,
        null,
        null,
        null,
        null,
        1,
        6,
        null,
        null,
        null,
        null,
        null,
        null,
        null,
        null,
        null,
        null,
        null,
        null,
        null,
        null,
        null,
        null,
        null,
        null,
        1,
        1,
        null,
        null,
        1,
        1,
        null,
        null,
        null,
        null,
        null,
        null,
        null,
        null,
        null,
        null,
        null,
        null,
        null,
        null,
        null
      ],
      "/Users/lynne/UW/Q3/Summer310Code/final/bookopotamus/spec/models/follow_spec.rb": [
        1,
        null,
        1,
        2,
        null,
        1,
        1,
        1,
        1,
        1,
        1,
        null,
        null,
        null
      ],
      "/Users/lynne/UW/Q3/Summer310Code/final/bookopotamus/app/models/follow.rb": [
        1,
        1,
        1,
        1,
        null,
        1,
        null,
        1,
        5,
        1,
        null,
        null,
        null,
        null
      ],
      "/Users/lynne/UW/Q3/Summer310Code/final/bookopotamus/spec/models/notification_spec.rb": [
        1,
        null,
        1,
        2,
        2,
        null,
        1,
        1,
        1,
        1,
        1,
        1,
        null,
        null,
        null
      ],
      "/Users/lynne/UW/Q3/Summer310Code/final/bookopotamus/app/mailers/notification.rb": [
        1,
        1,
        null,
        1,
        1,
        1,
        null,
        null,
        1,
        1,
        1,
        1,
        1,
        1,
        null,
        null,
        1,
        1,
        1,
        1,
        1,
        1,
        null,
        null
      ],
      "/Users/lynne/UW/Q3/Summer310Code/final/bookopotamus/spec/models/rating_spec.rb": [
        1,
        null,
        1,
        1,
        null,
        1,
        1,
        1,
        1,
        1,
        1,
        1,
        1,
        null,
        null,
        null
      ],
      "/Users/lynne/UW/Q3/Summer310Code/final/bookopotamus/app/models/rating.rb": [
        1,
        1,
        1,
        1,
        null,
        1,
        12,
        12,
        2,
        2,
        null,
        null,
        null
      ],
      "/Users/lynne/UW/Q3/Summer310Code/final/bookopotamus/spec/models/user_spec.rb": [
        1,
        null,
        1,
        3,
        null,
        1,
        1,
        1,
        null,
        1,
        4,
        null,
        null,
        null
      ],
      "/Users/lynne/UW/Q3/Summer310Code/final/bookopotamus/spec/routing/users_routing_spec.rb": [
        1,
        null,
        1,
        1,
        null,
        null,
        null,
        null,
        null,
        1,
        1,
        null,
        null,
        null,
        null,
        null,
        null,
        1,
        1,
        null,
        null,
        1,
        1,
        null,
        null,
        1,
        1,
        null,
        null,
        1,
        null,
        1,
        null,
        null,
        null,
        null
      ],
      "/Users/lynne/UW/Q3/Summer310Code/final/bookopotamus/app/models/author.rb": [
        1,
        1,
        null,
        1,
        11,
        null,
        null,
        1,
        5,
        5,
        5,
        null,
        null
      ],
      "/Users/lynne/UW/Q3/Summer310Code/final/bookopotamus/app/models/review.rb": [
        1,
        1,
        1,
        null,
        1,
        null,
        null
      ],
      "/Users/lynne/UW/Q3/Summer310Code/final/bookopotamus/app/controllers/reviews_controller.rb": [
        1,
        1,
        null,
        1,
        2,
        null,
        2,
        null,
        null,
        null,
        null,
        null,
        null,
        null,
        null,
        null,
        1,
        3,
        3,
        3,
        3,
        1,
        null,
        2,
        1,
        null,
        1,
        null,
        null,
        null,
        1,
        3,
        3,
        3,
        1,
        null,
        2,
        1,
        null,
        1,
        null,
        null,
        null,
        1,
        null,
        1,
        2,
        null,
        null,
        1,
        6,
        null,
        null,
        1,
        2,
        null,
        null
      ]
    },
    "timestamp": 1432832377
  }
}
